[0609/171656.666:ERROR:process_info.cc(329)] VirtualQueryEx: Access is denied. (0x5)
[0609/171656.666:ERROR:process_info.cc(556)] ReadMemoryInfo failed
[0609/171656.671:ERROR:process_info.cc(329)] VirtualQueryEx: Access is denied. (0x5)
[0609/171656.671:ERROR:process_info.cc(556)] ReadMemoryInfo failed
[0609/171656.671:ERROR:scoped_process_suspend.cc(40)] NtResumeProcess: An attempt was made to access an exiting process. (0xc000010a)
[0609/171656.671:ERROR:scoped_process_suspend.cc(40)] NtResumeProcess: An attempt was made to access an exiting process. (0xc000010a)
[0611/102252.549:ERROR:process_reader_win.cc(151)] SuspendThread: Access is denied. (0x5)
[0611/102252.549:ERROR:process_reader_win.cc(151)] SuspendThread: Access is denied. (0x5)
[0611/102252.549:ERROR:process_reader_win.cc(123)] NtOpenThread: {Access Denied} A process has requested access to an object, but has not been granted those access rights. (0xc0000022)
[0611/102252.549:ERROR:exception_snapshot_win.cc(98)] thread ID 11224 not found in process
[0611/102252.613:ERROR:process_reader_win.cc(151)] SuspendThread: Access is denied. (0x5)
[0611/102252.613:ERROR:process_reader_win.cc(151)] SuspendThread: Access is denied. (0x5)
[0611/102252.613:ERROR:process_reader_win.cc(123)] NtOpenThread: {Access Denied} A process has requested access to an object, but has not been granted those access rights. (0xc0000022)
[0611/102252.613:ERROR:exception_snapshot_win.cc(98)] thread ID 11500 not found in process
[0611/102253.133:ERROR:process_reader_win.cc(151)] SuspendThread: Access is denied. (0x5)
[0611/102253.133:ERROR:process_reader_win.cc(151)] SuspendThread: Access is denied. (0x5)
[0611/102253.133:ERROR:process_reader_win.cc(151)] SuspendThread: Access is denied. (0x5)
[0611/102253.133:ERROR:process_reader_win.cc(151)] SuspendThread: Access is denied. (0x5)
[0611/102253.133:ERROR:process_reader_win.cc(151)] SuspendThread: Access is denied. (0x5)
[0611/102253.133:ERROR:process_reader_win.cc(151)] SuspendThread: Access is denied. (0x5)
[0611/102253.133:ERROR:process_reader_win.cc(151)] SuspendThread: Access is denied. (0x5)
[0611/102253.133:ERROR:process_reader_win.cc(151)] SuspendThread: Access is denied. (0x5)
[0611/102253.133:ERROR:process_reader_win.cc(151)] SuspendThread: Access is denied. (0x5)
[0611/102253.133:ERROR:process_reader_win.cc(151)] SuspendThread: Access is denied. (0x5)
[0611/102253.133:ERROR:process_reader_win.cc(151)] SuspendThread: Access is denied. (0x5)
[0611/102253.133:ERROR:process_reader_win.cc(151)] SuspendThread: Access is denied. (0x5)
[0611/102253.133:ERROR:process_reader_win.cc(151)] SuspendThread: Access is denied. (0x5)
[0611/102253.133:ERROR:process_reader_win.cc(151)] SuspendThread: Access is denied. (0x5)
[0611/102253.133:ERROR:process_reader_win.cc(151)] SuspendThread: Access is denied. (0x5)
[0611/102253.133:ERROR:process_reader_win.cc(151)] SuspendThread: Access is denied. (0x5)
[0611/102253.133:ERROR:process_reader_win.cc(123)] NtOpenThread: {Access Denied} A process has requested access to an object, but has not been granted those access rights. (0xc0000022)
[0611/102253.133:ERROR:exception_snapshot_win.cc(98)] thread ID 4008 not found in process
[0611/102253.141:ERROR:process_reader_win.cc(151)] SuspendThread: Access is denied. (0x5)
[0611/102253.141:ERROR:process_reader_win.cc(151)] SuspendThread: Access is denied. (0x5)
[0611/102253.141:ERROR:process_reader_win.cc(151)] SuspendThread: Access is denied. (0x5)
[0611/102253.141:ERROR:process_reader_win.cc(151)] SuspendThread: Access is denied. (0x5)
[0611/102253.149:ERROR:process_reader_win.cc(151)] SuspendThread: Access is denied. (0x5)
[0611/102253.149:ERROR:process_reader_win.cc(151)] SuspendThread: Access is denied. (0x5)
[0611/102253.149:ERROR:process_reader_win.cc(151)] SuspendThread: Access is denied. (0x5)
[0611/102253.149:ERROR:process_reader_win.cc(151)] SuspendThread: Access is denied. (0x5)
[0611/102253.149:ERROR:process_reader_win.cc(151)] SuspendThread: Access is denied. (0x5)
[0611/102253.149:ERROR:process_reader_win.cc(151)] SuspendThread: Access is denied. (0x5)
[0611/102253.149:ERROR:process_reader_win.cc(151)] SuspendThread: Access is denied. (0x5)
[0611/102253.149:ERROR:process_reader_win.cc(151)] SuspendThread: Access is denied. (0x5)
[0611/102253.149:ERROR:process_reader_win.cc(123)] NtOpenThread: {Access Denied} A process has requested access to an object, but has not been granted those access rights. (0xc0000022)
[0611/102253.149:ERROR:exception_snapshot_win.cc(98)] thread ID 9276 not found in process
[0611/102253.429:ERROR:process_reader_win.cc(151)] SuspendThread: Access is denied. (0x5)
[0611/102253.429:ERROR:process_reader_win.cc(151)] SuspendThread: Access is denied. (0x5)
[0611/102253.429:ERROR:process_reader_win.cc(151)] SuspendThread: Access is denied. (0x5)
[0611/102253.429:ERROR:process_reader_win.cc(151)] SuspendThread: Access is denied. (0x5)
[0611/102253.429:ERROR:process_reader_win.cc(151)] SuspendThread: Access is denied. (0x5)
[0611/102253.429:ERROR:process_reader_win.cc(151)] SuspendThread: Access is denied. (0x5)
[0611/102253.429:ERROR:process_reader_win.cc(151)] SuspendThread: Access is denied. (0x5)
[0611/102253.429:ERROR:process_reader_win.cc(151)] SuspendThread: Access is denied. (0x5)
[0611/102253.429:ERROR:process_reader_win.cc(151)] SuspendThread: Access is denied. (0x5)
[0611/102253.429:ERROR:process_reader_win.cc(151)] SuspendThread: Access is denied. (0x5)
[0611/102253.429:ERROR:process_reader_win.cc(151)] SuspendThread: Access is denied. (0x5)
[0611/102253.429:ERROR:process_reader_win.cc(151)] SuspendThread: Access is denied. (0x5)
[0611/102253.429:ERROR:process_reader_win.cc(123)] NtOpenThread: {Access Denied} A process has requested access to an object, but has not been granted those access rights. (0xc0000022)
[0611/102253.429:ERROR:exception_snapshot_win.cc(98)] thread ID 11856 not found in process
[0611/102253.429:ERROR:process_reader_win.cc(151)] SuspendThread: Access is denied. (0x5)
[0611/102253.429:ERROR:process_reader_win.cc(151)] SuspendThread: Access is denied. (0x5)
[0611/102253.429:ERROR:process_reader_win.cc(151)] SuspendThread: Access is denied. (0x5)
[0611/102253.429:ERROR:process_reader_win.cc(151)] SuspendThread: Access is denied. (0x5)
[0611/102253.429:ERROR:process_reader_win.cc(151)] SuspendThread: Access is denied. (0x5)
[0611/102253.429:ERROR:process_reader_win.cc(151)] SuspendThread: Access is denied. (0x5)
[0611/102253.429:ERROR:process_reader_win.cc(151)] SuspendThread: Access is denied. (0x5)
[0611/102253.429:ERROR:process_reader_win.cc(151)] SuspendThread: Access is denied. (0x5)
[0611/102253.429:ERROR:process_reader_win.cc(151)] SuspendThread: Access is denied. (0x5)
[0611/102253.429:ERROR:process_reader_win.cc(151)] SuspendThread: Access is denied. (0x5)
[0611/102253.429:ERROR:process_reader_win.cc(151)] SuspendThread: Access is denied. (0x5)
[0611/102253.429:ERROR:process_reader_win.cc(123)] NtOpenThread: {Access Denied} A process has requested access to an object, but has not been granted those access rights. (0xc0000022)
[0611/102253.429:ERROR:exception_snapshot_win.cc(98)] thread ID 8676 not found in process
[0611/102253.445:ERROR:process_reader_win.cc(151)] SuspendThread: Access is denied. (0x5)
[0611/102253.445:ERROR:process_reader_win.cc(151)] SuspendThread: Access is denied. (0x5)
[0611/102253.445:ERROR:process_reader_win.cc(151)] SuspendThread: Access is denied. (0x5)
[0611/102253.445:ERROR:process_reader_win.cc(151)] SuspendThread: Access is denied. (0x5)
[0611/102253.445:ERROR:process_reader_win.cc(151)] SuspendThread: Access is denied. (0x5)
[0611/102253.445:ERROR:process_reader_win.cc(151)] SuspendThread: Access is denied. (0x5)
[0611/102253.445:ERROR:process_reader_win.cc(151)] SuspendThread: Access is denied. (0x5)
[0611/102253.445:ERROR:process_reader_win.cc(151)] SuspendThread: Access is denied. (0x5)
[0611/102253.445:ERROR:process_reader_win.cc(151)] SuspendThread: Access is denied. (0x5)
[0611/102253.445:ERROR:process_reader_win.cc(151)] SuspendThread: Access is denied. (0x5)
[0611/102253.445:ERROR:process_reader_win.cc(151)] SuspendThread: Access is denied. (0x5)
[0611/102253.445:ERROR:process_reader_win.cc(151)] SuspendThread: Access is denied. (0x5)
[0611/102253.445:ERROR:process_reader_win.cc(123)] NtOpenThread: {Access Denied} A process has requested access to an object, but has not been granted those access rights. (0xc0000022)
[0611/102253.445:ERROR:exception_snapshot_win.cc(98)] thread ID 4624 not found in process
[0611/102253.557:ERROR:process_reader_win.cc(151)] SuspendThread: Access is denied. (0x5)
[0611/102253.557:ERROR:process_reader_win.cc(151)] SuspendThread: Access is denied. (0x5)
[0611/102253.557:ERROR:process_reader_win.cc(123)] NtOpenThread: {Access Denied} A process has requested access to an object, but has not been granted those access rights. (0xc0000022)
[0611/102253.557:ERROR:exception_snapshot_win.cc(98)] thread ID 9700 not found in process
